C4001	4	Compiler Warning	Nonstandard extension 'single line comment' was used
C4002	1	Compiler Warning	Too many actual parameters for macro 'identifier'
C4003	1	Compiler Warning	Not enough actual parameters for macro 'identifier'
C4004	1	Compiler Warning	Incorrect construction after 'defined'
C4005	1	Compiler Warning	'identifier' : macro redefinition
C4006	1	Compiler Warning	#undef expected an identifier
C4007	2	Compiler Warning	'function' : must be 'attribute'
C4008	2	Compiler Warning	'identifier' : 'attribute' attribute ignored
C4009	1	Compiler Warning	String too big; trailing characters truncated
C4010	1	Compiler Warning	Single-line comment contains line-continuation character
C4011	1	Compiler Warning	'identifier' : identifier was truncated to 'number' characters
C4012	1	Compiler Warning	Float constant in a cross compilation
C4013	3	Compiler Warning	'function' undefined; assuming extern returning int
C4014	1	Compiler Warning	Concatenating mismatched wide strings
C4015	1	Compiler Warning	'identifier' : type of bit field must be integral
C4016	3	Compiler Warning	'function' : no function return type; using int as default
C4018	3	Compiler Warning	'expression' : signed/unsigned mismatch
C4019	4	Compiler Warning	Empty statement at global scope
C4020	1	Compiler Warning	'function' : too many actual parameters
C4021	1	Compiler Warning	'function' : too few actual parameters
C4022	1	Compiler Warning	'function' : pointer mismatch for actual parameter 'number'
C4023	3	Compiler Warning	'symbol' : based pointer passed to unprototyped function : parameter number
C4024	1	Compiler Warning	'function' : different types for formal and actual parameter 'number'
C4025	1	Compiler Warning	'number' : based pointer passed to function with variable arguments: parameter number
C4026	1	Compiler Warning	Function declared with formal parameter list
C4027	1	Compiler Warning	Function declared without formal parameter list
C4028	1	Compiler Warning	Formal parameter 'number' different from declaration
C4029	1	Compiler Warning	Declared formal parameter list different from definition
C4030	1	Compiler Warning	First formal parameter list longer than the second list
C4031	1	Compiler Warning	Second formal parameter list longer than the first list
C4032	4	Compiler Warning	Formal parameter 'number' has different type when promoted
C4033	1	Compiler Warning	'function' must return a value
C4034	1	Compiler Warning	Sizeof returns 0
C4035	3	Compiler Warning	'function' : no return value
C4036	1	Compiler Warning	Unnamed 'type' as actual parameter
C4037	1	Compiler Warning	Conflicting ambient class modifiers
C4038	1	Compiler Warning	'modifier' : illegal ambient class modifier
C4041	1	Compiler Warning	Compiler limit : terminating browser output
C4042	1	Compiler Warning	'identifier' : has bad storage class
C4043	1	Compiler Warning	Function specifier used more than once
C4044	1	Compiler Warning	Specifier __huge on 'identifier' ignored; can only be applied to array
C4045	1	Compiler Warning	'array' : array bounds overflow
C4047	1	Compiler Warning	'operator' : 'identifier1' differs in levels of indirection from 'identifier2'
C4048	1	Compiler Warning	Different declared array subscripts : 'identifier1' and 'identifier2'
C4049	1	Compiler Warning	Compiler limit : terminating line number emission
C4051	2	Compiler Warning	Type conversion; possible loss of data
C4052	1	Compiler Warning	Function declarations different; one contains variable arguments
C4053	4	Compiler Warning	One void operand for '?:'
C4054	1	Compiler Warning	'conversion' : from function pointer 'type1' to data pointer 'type2'
C4055	1	Compiler Warning	'conversion' : from data pointer 'type1' to function pointer 'type2'
C4056	2	Compiler Warning	Overflow in floating point constant arithmetic
C4057	4	Compiler Warning	'operator' : 'identifier1' indirection to slightly different base types from 'identifier2'
C4058	1	Compiler Warning	Unions are now aligned on alignment requirement, not size
C4059	1	Compiler Warning	Pascal string too big, length byte is length % 256
C4060	3	Compiler Warning	Switch statement contains no 'case' or 'default' labels
C4061	4	Compiler Warning	Enumerator 'identifier' in switch of enum 'enumeration' is not explicitly handled by a case label
C4062	3	Compiler Warning	Enumerator 'identifier' in switch of enum 'enumeration' is not handled
C4063	4	Compiler Warning	Case 'identifier' is not a valid value for switch of enum 'enumeration'
C4064	4	Compiler Warning	Switch of incomplete enum 'enumeration'
C4065	3	Compiler Warning	Switch statement contains 'default' but no 'case' labels
C4066	3	Compiler Warning	Characters beyond first in wide-character constant ignored
C4067	1	Compiler Warning	Unexpected tokens following preprocessor directive - expected a newline
C4068	1	Compiler Warning	Unknown pragma
C4069	3	Compiler Warning	Long double is the same precision as double
C4070	1	Compiler Warning	Return of a 'void' expression
C4071	2	Compiler Warning	'function' : no function prototype given
C4072	1	Compiler Warning	'function' : no function prototype on 'convention' function
C4073	3	Compiler Warning	Initializers put in library initialization area
C4074	1	Compiler Warning	Initializers put in compiler reserved initialization area
C4075	1	Compiler Warning	Initializers put in unrecognized initialization area
C4076	1	Compiler Warning	'typemod' : can not be used with type 'typename'
C4077	1	Compiler Warning	Unknown check_stack option
C4078	1	Compiler Warning	Case constant 'value' too big for the type of the switch expression
C4079	1	Compiler Warning	Unexpected token 'token'
C4080	1	Compiler Warning	Expected identifier for segment name; found 'symbol'
C4081	1	Compiler Warning	Expected 'token1'; found 'token2'
C4082	1	Compiler Warning	Expected an identifier; found 'token'
C4083	1	Compiler Warning	Expected 'token'; found identifier 'identifier'
C4084	1	Compiler Warning	Expected a pragma keyword; found 'token'
C4085	1	Compiler Warning	Expected pragma parameter to be 'on' or 'off'
C4086	1	Compiler Warning	Expected pragma parameter to be '1', '2', '4', '8', or '16'
C4087	1	Compiler Warning	'function' : declared with 'void' parameter list
C4088	1	Compiler Warning	'function' : pointer mismatch in actual parameter 'number', formal parameter 'number'
C4089	1	Compiler Warning	'function' : different types in actual parameter 'number', formal parameter 'number'
C4090	1	Compiler Warning	'operation' : different 'modifier' qualifiers
C4091	1	Compiler Warning	'keyword' : ignored on left of 'type' when no variable is declared
C4092	4	Compiler Warning	Sizeof returns 'unsigned long'
C4093	3	Compiler Warning	Unescaped newline in character constant in inactive code
C4094	2	Compiler Warning	Untagged 'token' declared no symbols
C4095	1	Compiler Warning	Expected ')'; found 'token'
C4096	1	Compiler Warning	'a': interface is not a COM interface; will not be emitted to IDL
C4097	1	Compiler Warning	Expected pragma parameter to be 'restore' or 'off'
C4098	1	Compiler Warning	'function' : void function returning a value
C4099	2	Compiler Warning	'identifier' : type name first seen using 'objecttype1' now seen using 'objecttype2'
C4100	4	Compiler Warning	'identifier' : unreferenced formal parameter
C4101	3	Compiler Warning	'identifier' : unreferenced local variable
C4102	3	Compiler Warning	'label' : unreferenced label
C4103	1	Compiler Warning	'filename' : alignment changed after including header, may be due to missing #pragma pack(pop)
C4104	1	Compiler Warning	'identifier' : near data in same_seg pragma; ignored
C4105	1	Compiler Warning	'identifier' : code modifiers only on function or pointer to function
C4106	1	Compiler Warning	Pragma requires an integer between 1 and 127
C4107	1	Compiler Warning	Pragma requires an integer between 15 and 255
C4108	1	Compiler Warning	Pragma requires an integer between 79 and 132
C4109	1	Compiler Warning	Unexpected identifier 'identifier'
C4110	1	Compiler Warning	Unexpected token 'number'
C4111	1	Compiler Warning	Unexpected token 'string'
C4112	1	Compiler Warning	#line requires an integer between 1 and number
C4113	1	Compiler Warning	'identifier1' differs in parameter lists from 'identifier2'
C4114	1	Compiler Warning	Same type qualifier used more than once
C4115	1	Compiler Warning	'type' : named type definition in parentheses
C4116	1	Compiler Warning	Unnamed type definition in parentheses
C4117	1	Compiler Warning	Macro name 'name' is reserved; 'Command' ignored
C4118	1	Compiler Warning	Pragma not supported during fast compile
C4119	1	Compiler Warning	Different bases 'base1' and 'base2' specified
C4120	1	Compiler Warning	Based/unbased mismatch
C4121	4	Compiler Warning	'symbol' : alignment of a member was sensitive to packing
C4122	1	Compiler Warning	'function' : alloc_text applicable only to functions with C linkage
C4123	1	Compiler Warning	different base expressions specified
C4124	1	Compiler Warning	__fastcall with stack checking is inefficient
C4125	4	Compiler Warning	Decimal digit terminates octal escape sequence
C4126	1	Compiler Warning	'option' : unknown memory-model command-line option
C4127	4	Compiler Warning	Conditional expression is constant
C4128	4	Compiler Warning	Storage-class specifier after type
C4129	1	Compiler Warning	'character' : unrecognized character escape sequence
C4130	4	Compiler Warning	'operator' : logical operation on address of string constant
C4131	4	Compiler Warning	'function' : uses old-style declarator
C4132	4	Compiler Warning	'object' : const object should be initialized
C4133	3	Compiler Warning	'type' : incompatible types - from 'type1' to 'type2'
C4134	4	Compiler Warning	Conversion between pointers to members of same class
C4135	3	Compiler Warning	Conversion between different integral types
C4136	3	Compiler Warning	Conversion between different floating-point types
C4137	1	Compiler Warning	'function' : no return value from floating-point function
C4138	1	Compiler Warning	'*/' found outside of comment
C4139	1	Compiler Warning	'hexnumber' : hex escape sequence is out of range
C4141	1	Compiler Warning	'modifier' : used more than once
C4142	1	Compiler Warning	Benign redefinition of type
C4143	1	Compiler Warning	Pragma 'same_seg' not supported; use __based allocation
C4144	1	Compiler Warning	'expression' : relational expression as switch expression
C4145	1	Compiler Warning	'expression1' : relational expression as switch expression; possible confusion with 'expression2'
C4146	2	Compiler Warning	Unary minus operator applied to unsigned type, result still unsigned
C4150	2	Compiler Warning	Deletion of pointer to incomplete type 'type'; no destructor called
C4152	4	Compiler Warning	Non standard extension, function/data ptr conversion in expression
C4153	1	Compiler Warning	Function/data pointer conversion in expression
C4154	1	Compiler Warning	Deletion of an array expression; conversion to pointer supplied
C4155	1	Compiler Warning	Deletion of an array expression without using the array form of 'delete'
C4156	2	Compiler Warning	Deletion of an array expression without using the array form of 'delete'; array form substituted
C4157	1	Compiler Warning	Pragma was ignored by C compiler
C4158	1	Compiler Warning	Assuming #pragma pointers_to_members(full_generality, inheritance)
C4159	3	Compiler Warning	#pragma pragma(pop,...) : has popped previously pushed identifier 'identifier'
C4160	1	Compiler Warning	#pragma pragma(pop,...) : did not find previously pushed identifier 'identifier'
C4161	3	Compiler Warning	#pragma pragma(pop...) : more pops than pushes
C4162	1	Compiler Warning	'identifier' : no function with C linkage found
C4163	1	Compiler Warning	'identifier' : not available as an intrinsic function
C4164	1	Compiler Warning	'identifier' : intrinsic function not declared
C4165	1	Compiler Warning	'HRESULT' is being converted to 'bool'; are you sure this is what you want?
C4166	1	Compiler Warning	Illegal calling convention for constructor/destructor
C4167	1	Compiler Warning	Function : only available as an intrinsic function
C4168	1	Compiler Warning	Compiler limit : out of debugger types, delete program database 'database' and rebuild
C4170	1	Compiler Warning	Unexpected end of file found
C4171	1	Compiler Warning	'identifier' : modifier functions require prototypes
C4172	1	Compiler Warning	Returning address of local variable or temporary
C4173	1	Compiler Warning	Enabling the option option will hinder the performance of incremental compilation
C4174	1	Compiler Warning	'name' : not available as a #pragma component
C4175	1	Compiler Warning	#pragma component(browser, on) : browser info must initially be specified on the command line
C4176	1	Compiler Warning	'subcomponent' : unknown subcomponent for #pragma component browser
C4177	1	Compiler Warning	#pragma pragma should be at global scope
C4178	1	Compiler Warning	Case constant 'constant' too big for the type of the switch expression
C4179	1	Compiler Warning	'//*' : parsed as '/' and '/*': confusion with standard '//' comments
C4180	1	Compiler Warning	Qualifier applied to function type has no meaning; ignored
C4181	1	Compiler Warning	Qualifier applied to reference type; ignored
C4182	1	Compiler Warning	#include nesting level is 'number' deep; possible infinite recursion
C4183	1	Compiler Warning	'identifier': missing return type; assumed to be a member function returning 'int'
C4185	1	Compiler Warning	Ignoring unknown #import attribute 'attribute'
C4186	1	Compiler Warning	#import attribute 'attribute' requires count arguments; ignored
C4187	1	Compiler Warning	#import attributes 'attribute1' and 'attribute2' are incompatible; both ignored
C4188	1	Compiler Warning	constant expression is not integral
C4189	4	Compiler Warning	'identifier' : local variable is initialized but not referenced
C4190	1	Compiler Warning	'identifier1' has C-linkage specified, but returns UDT 'identifier2' which is incompatible with C
C4191	3	Compiler Warning	'operator/operation' : unsafe conversion from 'type of expression' to 'type required'
C4192	3	Compiler Warning	Automatically excluding 'name' while importing type library 'library'
C4193	3	Compiler Warning	#pragma warning(pop): no matching '#pragma warning(push)'
C4194	1	Compiler Warning	#pragma start_map_region cannot be nested; ignored
C4195	1	Compiler Warning	#pragma stop_map_region used without matching #pragma start_map_region; ignored
C4196	1	Compiler Warning	expected '%$L' or '%$L'; found '%$L'
C4197	3	Compiler Warning	'type' : top-level volatile in cast is ignored
C4200	2	Compiler Warning	Nonstandard extension used : zero-sized array in struct/union
C4201	4	Compiler Warning	Nonstandard extension used : nameless struct/union
C4202	4	Compiler Warning	Nonstandard extension used : '...': prototype parameter in name list illegal
C4203	4	Compiler Warning	Nonstandard extension used : union with static member variable
C4204	4	Compiler Warning	Nonstandard extension used : non-constant aggregate initializer
C4205	4	Compiler Warning	Nonstandard extension used : static function declaration in function scope
C4206	4	Compiler Warning	Nonstandard extension used : translation unit is empty
C4207	4	Compiler Warning	Nonstandard extension used : extended initializer form
C4208	4	Compiler Warning	Nonstandard extension used : delete [exp] - exp evaluated but ignored
C4209	4	Compiler Warning	Nonstandard extension used : benign typedef redefinition
C4210	4	Compiler Warning	Nonstandard extension used : function given file scope
C4211	4	Compiler Warning	Nonstandard extension used : redefined extern to static
C4212	4	Compiler Warning	Nonstandard extension used : function declaration used ellipsis
C4213	4	Compiler Warning	Nonstandard extension used : cast on l-value
C4214	4	Compiler Warning	Nonstandard extension used : bit field types other than int
C4215	1	Compiler Warning	Nonstandard extension used : long float
C4216	1	Compiler Warning	Nonstandard extension used : float long
C4217	1	Compiler Warning	'operator' : member template functions cannot be used for copy-assignment or copy-construction
C4218	1	Compiler Warning	Nonstandard extension used : must specify at least a storage class or a type
C4219	1	Compiler Warning	Nonstandard extension used : trailing ',' used for variable argument list
C4220	4	Compiler Warning	Varargs matches remaining parameters
C4221	4	Compiler Warning	Nonstandard extension used : 'identifier' : cannot be initialized using address of automatic variable
C4222	4	Compiler Warning	Nonstandard extension used : 'identifier' : 'static' should not be used on member functions defined at file scope
C4223	1	Compiler Warning	Nonstandard extension used : non-lvalue array converted to pointer
C4224	1	Compiler Warning	Nonstandard extension used : formal parameter 'identifier' was previously defined as a type
C4226	1	Compiler Warning	Nonstandard extension used : 'keyword' is an obsolete keyword
C4227	1	Compiler Warning	Anachronism used : qualifiers on reference are ignored
C4228	1	Compiler Warning	Nonstandard extension used : qualifiers after comma in declarator list are ignored
C4229	1	Compiler Warning	Anachronism used : modifiers on data are ignored
C4230	1	Compiler Warning	Anachronism used : modifiers/qualifiers interspersed; qualifier ignored
C4231	3	Compiler Warning	Nonstandard extension used : 'identifier' before template explicit instantiation
C4232	4	Compiler Warning	Nonstandard extension used : 'identifier' : address of dllimport 'dllimport' is not static, identity not guaranteed
C4233	4	Compiler Warning	Nonstandard extension used : 'keyword' keyword only supported in C++, not C
C4234	4	Compiler Warning	Nonstandard extension used: 'keyword' keyword reserved for future use
C4235	4	Compiler Warning	Nonstandard extension used : 'keyword' keyword not supported on this architecture
C4236	4	Compiler Warning	Nonstandard extension used : 'keyword' is an obsolete keyword, see documentation for __declspec(dllexport)
C4237	1	Compiler Warning	'keyword' keyword is not yet supported, but reserved for future use
C4238	4	Compiler Warning	Nonstandard extension used : class rvalue used as lvalue
C4239	4	Compiler Warning	Nonstandard extension used : 'token' : conversion from 'type' to 'type'
C4240	3	Compiler Warning	Nonstandard extension used : access to 'classname' now defined to be 'access specifier', previously it was defined to be 'access specifier'
C4241	3	Compiler Warning	'member' : member access is restricted
C4242	4	Compiler Warning	'identifier' : conversion from 'type1' to 'type2', possible loss of data
C4243	3	Compiler Warning	'conversion type' conversion exists from 'type1' to 'type2', but is inaccessible
C4244	2	Compiler Warning	'argument' : conversion from 'type1' to 'type2', possible loss of data
C4245	4	Compiler Warning	'conversion' : conversion from 'type1' to 'type2', signed/unsigned mismatch
C4247	3	Compiler Warning	'member' not accessible because 'class1' uses 'access' to inherit from 'class2'
C4248	3	Compiler Warning	'class1' : cannot access 'access' 'member' declared in class 'class2'
C4249	3	Compiler Warning	'class1' : no path to 'access' 'member' declared in virtual base 'class2'
C4250	2	Compiler Warning	'class1' : inherits 'class2::member' via dominance
C4251	1	Compiler Warning	'identifier' : class 'type' needs to have dll-interface to be used by clients of class 'type2'
C4253	1	Compiler Warning	'identifier' : forming a pointer-to-member requires explicit use of the address-of operator ('&') and a qualified name
C4254	4	Compiler Warning	'operator' : conversion from 'type1' to 'type2', possible loss of data
C4255	4	Compiler Warning	'function' : no function prototype given: converting '()' to '(void)'
C4256	4	Compiler Warning	'function' : constructor for class with virtual bases has '...'; calls may not be compatible with older versions of Visual C++
C4258	1	Compiler Warning	'variable' : definition from the for loop is ignored; the definition from the enclosing scope is used"
C4259	1	Compiler Warning	'identifier' : pure virtual function was not defined
C4261	1	Compiler Warning	No override, 'class1::func1' has 'model' calling convention whereas 'class2::func2' has 'model' calling convention
C4263	4	Compiler Warning	'function' : member function does not override any base class virtual member function
C4264	1	Compiler Warning	'virtual_function' : no override available for virtual member function from base 'class'; function is hidden
C4265	3	Compiler Warning	'class' : class has virtual functions, but destructor is not virtual
C4266	4	Compiler Warning	'function' : no override available for virtual member function from base 'type'; function is hidden
C4267	3	Compiler Warning	'var' : conversion from 'size_t' to 'type', possible loss of data
C4268	4	Compiler Warning	'identifier' : 'const' static/global data initialized with compiler generated default constructor fills the object with zeros
C4269	1	Compiler Warning	'identifier' : 'const' automatic data initialized with compiler generated default constructor produces unreliable results
C4270	1	Compiler Warning	Nonstandard extension used: ' ': a non-const ' ' must be initialized with an l-value, not a function returning 'type2'
C4271	1	Compiler Warning	'identifier' : 'naked' functions cannot be 'inline'; inline expansion not performed
C4272	1	Compiler Warning	'function' : is marked __declspec(dllimport); must specify native calling convention when importing a function.
C4273	1	Compiler Warning	'function' : inconsistent DLL linkage
C4274	1	Compiler Warning	#ident ignored; see documentation for #pragma comment(exestr, 'string')
C4275	2	Compiler Warning	Non - DLL-interface classkey 'identifier' used as base for DLL-interface classkey 'identifier'
C4276	1	Compiler Warning	'function' : no prototype provided; assumed no parameters
C4277	1	Compiler Warning	imported item 'classname::member' exists as both data member and function member; data member ignored
C4278	3	Compiler Warning	'identifier': identifier in type library 'tlb' is already a macro; use the 'rename' qualifier
C4279	3	Compiler Warning	'identifier': identifier in type library 'library' is a keyword; use the 'rename' qualifier
C4280	3	Compiler Warning	'operator ->' was self recursive through type 'type'
C4281	3	Compiler Warning	'operator ->' recursion occurred through type 'type'
C4282	3	Compiler Warning	Then through type 'type'
C4283	3	Compiler Warning	And through type 'type'
C4284	2	Compiler Warning	Return type for 'identifier::operator ->' is not a UDT or reference to a UDT. Will produce errors if applied using infix notation
C4285	2	Compiler Warning	Return type for 'identifier::operator ->' is recursive if applied using infix notation
C4286	1	Compiler Warning	'type1' : is caught by base class ('type2') on line number
C4287	3	Compiler Warning	'operator' : unsigned/negative constant mismatch
C4288	1	Compiler Warning	Nonstandard extension used : 'var' : loop control variable declared in the for-loop is used outside the for-loop scope; it conflicts with the declaration in the outer scope
C4289	4	Compiler Warning	Nonstandard extension used : 'var' : loop control variable declared in the for-loop is used outside the for-loop scope
C4290	3	Compiler Warning	C++ exception specification ignored except to indicate a function is not __declspec(nothrow)
C4291	1	Compiler Warning	'declaration' : no matching operator delete found; memory will not be freed if initialization throws an exception
C4292	3	Compiler Warning	Terminating debug information emission for enum 'enum' with member 'member'
C4293	1	Compiler Warning	'operator' : shift count negative or too big, undefined behavior
C4295	4	Compiler Warning	'array' : array is too small to include a terminating null character
C4296	4	Compiler Warning	'operator' : expression is always false
C4297	1	Compiler Warning	'function' : function assumed not to throw an exception but does
C4298	4	Compiler Warning	'identifier': identifier in type library 'library' is already a macro; renaming to '__identifier'
C4299	4	Compiler Warning	'identifier': identifier in type library 'library' is a keyword; renaming to '__identifier'
C4300	1	Compiler Warning	Conversion of pointer to non-integral type
C4301	4	Compiler Warning	'derived_class::function': overriding virtual function only differs from 'base_class:function' by const/volatile qualifier
C4302	2	Compiler Warning	'conversion' : truncation from 'type 1' to 'type 2'
C4303	1	Compiler Warning	'cast' from 'type1' to 'type2' is deprecated, use static_cast, __try_cast or dynamic_cast
C4304	3	Compiler Warning	'identifier' : simple type cast conversion of no expression
C4305	1	Compiler Warning	'identifier' : truncation from 'type1' to 'type2'
C4306	3	Compiler Warning	'identifier' : conversion from 'type1' to 'type2' of greater size
C4307	2	Compiler Warning	'operator' : integral constant overflow
C4308	2	Compiler Warning	Negative integral constant converted to unsigned type
C4309	2	Compiler Warning	'conversion' : truncation of constant value
C4310	3	Compiler Warning	Cast truncates constant value
C4311	1	Compiler Warning	'variable' : pointer truncation from 'type' to 'type'
C4312	1	Compiler Warning	'operation' : conversion from 'type1' to 'type2' of greater size
C4313	1	Compiler Warning	'function' : 'format specifier' in format string conflicts with argument %d of type 'type'
C4314	3	Compiler Warning	expected pragma parameter to be '32' or '64'
C4315	4	Compiler Warning	'classname': 'this' pointer for member 'member' may not be aligned 'alignment' as expected by the constructor
C4316	3	Compiler Warning	'identifier': object allocated on the heap may not be aligned 'alignment'
C4317	1	Compiler Warning	'printf_family' : not enough arguments passed for format string
C4318	1	Compiler Warning	Passing constant zero as the length to memset
C4319	1	Compiler Warning	'operator' : zero extending 'type' to 'type' of greater size
C4321	1	Compiler Warning	automatically generating an IID for interface '%$S'
C4322	1	Compiler Warning	automatically generating a CLSID for class '%$S'
C4323	1	Compiler Warning	re-using registered CLSID for class '%$S'
C4324	4	Compiler Warning	'struct_name' : structure was padded due to __declspec(align())
C4325	1	Compiler Warning	Attributes for standard section 'section' ignored
C4326	1	Compiler Warning	Return type of 'function' should be 'type1' instead of 'type2'
C4327	3	Compiler Warning	'assignment': indirection alignment of LHS ('alignment1') is greater than RHS ('alignment2')
C4328	4	Compiler Warning	'function' : indirection alignment of formal parameter parameter_number (alignment_value_for_parameter) is greater than the actual argument alignment (actual_alignment)
C4329	1	Compiler Warning	__declspec(align()) is ignored on enum
C4330	1	Compiler Warning	attribute '%s' for section '%s' ignored
C4333	1	Compiler Warning	'operator' : right shift by too large amount, data loss
C4334	3	Compiler Warning	'operator' : result of 32-bit shift implicitly converted to 64 bits (was 64-bit shift intended?)
C4335	4	Compiler Warning	Mac file format detected: please convert the source file to either DOS or UNIX format
C4336	4	Compiler Warning	Import cross-referenced type library 'type_lib1' before importing 'type_lib1'
C4337	4	Compiler Warning	Cross-referenced type library 'typelib1' in 'typelib2' is being automatically imported
C4338	4	Compiler Warning	#pragma %s: standard section '%s' is used
C4339	4	Compiler Warning	'type' : use of undefined type detected in CLR meta-data - use of this type may lead to a runtime exception
C4340	1	Compiler Warning	'value' : value wrapped from positive to negative value
C4341	3	Compiler Warning	'value' : signed value is out of range for enum constant
C4342	1	Compiler Warning	Behavior change: 'function' called, but a member operator was called in previous versions
C4343	4	Compiler Warning	#pragma optimize("g",off) overrides /Og option
C4344	1	Compiler Warning	Behavior change: use of explicit template arguments results in call to 'function'
C4345	2	Compiler Warning	Behavior change: an object of POD type constructed with an initializer of the form () will be default-initialized
C4346	1	Compiler Warning	'name' : dependent name is not a type
C4347	4	Compiler Warning	Behavior change: 'function template' is called instead of 'function'
C4348	1	Compiler Warning	'type' : redefinition of default parameter : parameter number
C4350	1	Compiler Warning	Behavior change: 'member1' called instead of 'member2'
C4351	1	Compiler Warning	New behavior: elements of array 'array' will be default initialized
C4352	1	Compiler Warning	'%$I': intrinsic function already defined
C4353	1	Compiler Warning	Nonstandard extension used: constant 0 as function expression. Use '__noop' function intrinsic instead
C4354	1	Compiler Warning	'reference' : initialization of reference member requires a temporary variable
C4355	1	Compiler Warning	'this' : used in base member initializer list
C4356	2	Compiler Warning	'member' : static data member cannot be initialized via derived class
C4357	3	Compiler Warning	Param array argument in formal argument list for delegate 'del' ignored when generating 'function'
C4358	1	Compiler Warning	'operator': return type of combined delegates is not 'void'; returned value is undefined
C4359	3	Compiler Warning	'type': actual alignment (8) is greater than the value specified in __declspec(align())
C4362	2	Compiler Warning	'%$S': alignment greater than 8 bytes is not supported by CLR
C4364	1	Compiler Warning	#using for assembly 'file' previously seen at location(line_number) without as_friend attribute; as_friend not applied
C4365	4	Compiler Warning	'action' : conversion from 'type_1' to 'type_2', signed/unsigned mismatch
C4366	4	Compiler Warning	The result of the unary 'operator' operator may be unaligned
C4367	3	Compiler Warning	Conversion from '%$T' to '%$T' may cause datatype misalignment exception
C4368	4	Compiler Warning	Cannot define 'member' as a member of managed 'type': mixed types are not supported
C4369	1	Compiler Warning	'enumerator' : enumerator value 'value' cannot be represented as 'type', value is 'new_value'
C4370	6	Compiler Warning	'classname': layout of class has changed from a previous version of the compiler due to better packing
C4371	3	Compiler Warning	'classname': layout of class may have changed from a previous version of the compiler due to better packing of member 'member'
C4373	3	Compiler Warning	'%$S': virtual function overrides '%$pS', previous versions of the compiler did not override when parameters only differed by const/volatile qualifiers
C4374	1	Compiler Warning	'function1': interface method will not be implemented by non-virtual method 'function2'
C4375	1	Compiler Warning	Non-public method 'method2' does not override 'method1'
C4376	1	Compiler Warning	Access specifier 'old_specifier:' is no longer supported: please use 'new_specifier:' instead
C4377	1	Compiler Warning	Native types are private by default; -d1PrivateNativeTypes is deprecated
C4378	1	Compiler Warning	Must obtain function pointers to run initializers; consider System::ModuleHandle::ResolveMethodHandle
C4379	1	Compiler Warning	Version version of the common language runtime is not supported by this compiler. Using this version may cause unexpected results.
C4380	1	Compiler Warning	'%$S': A default constructor cannot be deprecated
C4381	1	Compiler Warning	'function1': interface method will not be implemented by non-public method 'function2'
C4382	1	Compiler Warning	Throwing 'type' : a type with __clrcall destructor or copy constructor can only be caught in /clr:pure module
C4383	1	Compiler Warning	'instance_dereference_operator' : the meaning of dereferencing a handle can change, when a user-defined 'operator' operator exists; write the operator as a static function to be explicit about the operand
C4384	1	Compiler Warning	#pragma 'make_public' should only be used at global scope
C4385	1	Compiler Warning	'text' the 'identifier1' in base 'identifier2'
C4386	1	Compiler Warning	'text' to the 'identifier1' in base 'identifier2'
C4387	3	Compiler Warning	'%s': was considered
C4388	4	Compiler Warning	'%$L': signed/unsigned mismatch
C4389	4	Compiler Warning	'operator' : signed/unsigned mismatch
C4390	3	Compiler Warning	';' : empty controlled statement found; is this the intent?
C4391	1	Compiler Warning	'signature' : incorrect return type for intrinsic function, expected 'type'
C4392	1	Compiler Warning	'signature' : incorrect number of arguments for intrinsic function, expected 'number' arguments
C4393	1	Compiler Warning	'var' : const has no effect on literal data member; ignored
C4394	4	Compiler Warning	'function' : per-appdomain symbol should not be marked with __declspec(dllexport)
C4395	1	Compiler Warning	'function' : member function will be invoked on a copy of the initonly data member 'member'
C4396	2	Compiler Warning	"name" : the inline specifier cannot be used when a friend declaration refers to a specialization of a function template
C4397	1	Compiler Warning	DefaultCharSetAttribute is ignored
C4398	3	Compiler Warning	'variable' : per-process global object might not work correctly with multiple appdomains; consider using __declspec(appdomain)
C4399	1	Compiler Warning	'symbol' : per-process symbol should not be marked with __declspec(dllimport) when compiled with /clr:pure
C4400	4	Compiler Warning	'type' : const/volatile qualifiers on this type are not supported
C4401	1	Compiler Warning	'bitfield' : member is bit field
C4402	1	Compiler Warning	Must use PTR operator
C4403	1	Compiler Warning	Illegal PTR operator
C4404	3	Compiler Warning	Period on directive ignored
C4405	1	Compiler Warning	'identifier' : identifier is reserved word
C4406	1	Compiler Warning	Operand on directive ignored
C4407	1	Compiler Warning	Cast between different pointer to member representations, compiler may generate incorrect code
C4408	4	Compiler Warning	Anonymous union did not declare any data members
C4409	1	Compiler Warning	Illegal instruction size
C4410	1	Compiler Warning	Illegal size for operand
C4411	1	Compiler Warning	'identifier' : symbol resolves to displacement register
C4412	2	Compiler Warning	'function' : function signature contains type 'type'; C++ objects are unsafe to pass between pure code and mixed or native.
C4413	2	Compiler Warning	'classname::member': reference member is initialized to a temporary that doesn't persist after the constructor exits
C4414	3	Compiler Warning	'function' : short jump to function converted to near
C4415	1	Compiler Warning	duplicate __declspec(code_seg('name'))
C4416	1	Compiler Warning	__declspec(code_seg(...)) contains empty string: ignored
C4417	1	Compiler Warning	an explicit template instantiation cannot have __declspec(code_seg(...)): ignored
C4418	1	Compiler Warning	__declspec(code_seg(...)) ignored on an enum
C4419	3	Compiler Warning	'symbol' has no effect when applied to private ref class 'class'.
C4420	1	Compiler Warning	'operator' : operator not available, using 'operator' instead; run-time checking may be compromised
C4421	3	Compiler Warning	'parameter': a reference parameter on a resumable function is potentially unsafe
C4423	3	Compiler Warning	'std::bad_alloc': will be caught by class ('type') on line number
C4424	3	Compiler Warning	catch for 'type1' preceded by 'type2' on line number; unpredictable behavior may result if 'std::bad_alloc' is thrown
C4425	1	Compiler Warning	A SAL annotation cannot be applied to '...'
C4426	1	Compiler Warning	optimization flags changed after including header, may be due to #pragma optimize()
C4427	1	Compiler Warning	'operator': overflow in constant division, undefined behavior
C4428	4	Compiler Warning	Universal-character-name encountered in source
C4429	4	Compiler Warning	Possible incomplete or improperly formed universal-character-name
C4430	4	Compiler Warning	Missing type specifier - int assumed. Note: C++ does not support default-int
C4431	4	Compiler Warning	Missing type specifier - int assumed. Note: C no longer supports default-int
C4432	4	Compiler Warning	A destructor in a ref-class must have public accessibility; changing to public access
C4433	4	Compiler Warning	A finalizer must have protected accessibility; changing to protected access
C4434	4	Compiler Warning	A class constructor must have private accessibility; changing to private access
C4435	4	Compiler Warning	'derived_class': Object layout under /vd2 will change due to virtual base 'base_class'
C4436	1	Compiler Warning	dynamic_cast from virtual base 'base_class' to 'derived_class' in constructor or destructor could fail with partially-constructed object
C4437	4	Compiler Warning	dynamic_cast from virtual base 'base_class' to 'derived_class' could fail in some contexts
C4438	2	Compiler Warning	'function': cannot be called safely in /await:clrcompat mode. If 'function' calls into the CLR it may result in CLR head corruption
C4439	4	Compiler Warning	'function' : function definition with a managed type in the signature must have a __clrcall calling convention
C4440	1	Compiler Warning	Calling convention redefinition from 'calling_convention1' to 'calling_convention2' ignored
C4441	1	Compiler Warning	Calling convention of 'cc1' ignored; 'cc2' used instead
C4442	1	Compiler Warning	embedded null terminator in __annotation argument. Value will be truncated.
C4443	1	Compiler Warning	expected pragma parameter to be '0', '1', or '2'
C4444	3	Compiler Warning	'identifier': top level '__unaligned' is not implemented in this context
C4445	1	Compiler Warning	'function' : in a managed type a virtual method cannot be private
C4446	1	Compiler Warning	'type': cannot map member 'name1' into this type, due to conflict with the type name. The method was renamed to 'name2'
C4447	1	Compiler Warning	'main' signature found without threading model. Consider using 'int main(Platform::Array<Platform::String^>^ args)'.
C4448	2	Compiler Warning	'type1' does not have a default interface specified in metadata. Picking: 'type2', which may fail at runtime.
C4449	4	Compiler Warning	'type' an unsealed type should be marked as '[WebHostHidden]'
C4450	4	Compiler Warning	'type1' should be marked as '[WebHostHidden]' because it derives from 'type2'
C4451	4	Compiler Warning	'classname1::member': Usage of ref class 'classname2::member' inside this context can lead to invalid marshaling of object across contexts
C4452	1	Compiler Warning	'identifier': public type cannot be at global scope. It must be in a namespace that is a child of the name of the output .winmd file.
C4453	1	Compiler Warning	'type': A '[WebHostHidden]' type should not be used on the published surface of a public type that is not '[WebHostHidden]'
C4454	1	Compiler Warning	'function' is overloaded by more than the number of input parameters without having [DefaultOverload] specified. Picking 'declaration' as the default overload
C4455	1	Compiler Warning	'operator operator': literal suffix identifiers that do not start with an underscore are reserved
C4456	3	Compiler Warning	Declaration hides previous local declaration
C4457	3	Compiler Warning	Declaration hides function parameter
C4458	3	Compiler Warning	Declaration hides class member
C4459	3	Compiler Warning	Declaration hides global declaration
C4460	4	Compiler Warning	CLR operator 'operator', has parameter passed by reference. CLR operator 'operator' has different semantics from C++ operator 'operator', did you intend to pass by value?
C4461	1	Compiler Warning	'type' : this class has a finalizer 'finalizer' but no destructor 'dtor'
C4462	1	Compiler Warning	'type' : cannot determine the GUID of the type. Program may fail at runtime.
C4463	4	Compiler Warning	overflow; assigning 'value' to bit-field that can only hold values from 'min_value' to 'max_value'
C4464	4	Compiler Warning	relative include path contains '..'
C4467	4	Compiler Warning	usage of ATL attributes is deprecated
C4468	3	Compiler Warning	'fallthrough': attribute must be followed by a case label or a default label
C4470	1	Compiler Warning	Floating-point control pragmas ignored under /clr
C4471	4	Compiler Warning	'enumeration': a forward declaration of an unscoped enumeration must have an underlying type (int assumed)
C4472	1	Compiler Warning	'identifier' is a native enum: add an access specifier (private/public) to declare a 'WinRT|managed' enum
C4474	3	Compiler Warning	Too many arguments passed for format string
C4477	1	Compiler Warning	Format string 'string' requires an argument of type 'type', but variadic argument number has type 'type'
C4480	4	Compiler Warning	Nonstandard extension used: specifying underlying type for enum 'enum'
C4481	4	Compiler Warning	Nonstandard extension used: override specifier 'keyword'
C4482	1	Compiler Warning	Nonstandard extension used: enum 'enum' used in qualified name
C4483	1	Compiler Warning	syntax error: expected C++ keyword
C4484	4	Compiler Warning	'override_function' : matches base ref class method 'base_class_function', but is not marked 'virtual', 'new' or 'override'; 'new' (and not 'virtual') is assumed
C4485	4	Compiler Warning	'override_function' : matches base ref class method 'base_class_function ', but is not marked 'new' or 'override'; 'new' (and 'virtual') is assumed
C4486	1	Compiler Warning	'function' : a private virtual method of a ref class or value class should be marked 'sealed'
C4487	4	Compiler Warning	'derived_class_function' : matches inherited non-virtual method 'base_class_function' but is not explicitly marked 'new'
C4488	1	Compiler Warning	'function' : requires 'keyword' keyword to implement the interface method 'interface_method'
C4489	1	Compiler Warning	'specifier' : not allowed on interface method 'method'; override specifiers are only allowed on ref class and value class methods
C4490	1	Compiler Warning	'override' : incorrect use of override specifier; 'function' does not match a base ref class method
C4491	1	Compiler Warning	'name': has an illegal IDL version format
C4492	1	Compiler Warning	'function1': matches base ref class method 'function2', but is not marked 'override'
C4493	3	Compiler Warning	delete expression has no effect as the destructor of 'type' does not have 'public' accessibility
C4494	1	Compiler Warning	'function' : Ignoring __declspec(allocator) because the function return type is not a pointer or reference
C4499	4	Compiler Warning	'function' : an explicit specialization cannot have a storage class (ignored)"
C4500	2	Compiler Warning	'class' : class has private/protected data members; user-defined constructor advised
C4501	1	Compiler Warning	'identifier' : use of '::' unnecessary here
C4502	1	Compiler Warning	'linkage specification' requires use of keyword 'extern' and must precede all other specifiers
C4503	1	Compiler Warning	'identifier' : decorated name length exceeded, name was truncated
C4504	4	Compiler Warning	Type still ambiguous after parsing 'number' tokens, assuming declaration
C4505	4	Compiler Warning	'function' : unreferenced local function has been removed
C4506	1	Compiler Warning	No definition for inline function 'function'
C4507	4	Compiler Warning	Explicit linkage specified after default linkage was used
C4508	1	Compiler Warning	'function' : function should return a value; 'void' return type assumed
C4509	3	Compiler Warning	Nonstandard extension used: 'function' uses SEH and 'object' has destructor
C4510	4	Compiler Warning	'class' : default constructor could not be generated
C4511	3	Compiler Warning	'class' : copy constructor could not be generated
C4512	4	Compiler Warning	'class' : assignment operator could not be generated
C4513	4	Compiler Warning	'class' : destructor could not be generated
C4514	4	Compiler Warning	'function' : unreferenced inline function has been removed
C4515	4	Compiler Warning	'namespace' : namespace uses itself
C4516	4	Compiler Warning	'class::symbol' : access-declarations are deprecated; member using-declarations provide a better alternative
C4517	4	Compiler Warning	Access-declarations are deprecated; member using-declarations provide a better alternative
C4518	1	Compiler Warning	'specifier' : storage-class or type specifier(s) unexpected here; ignored
C4519	1	Compiler Warning	Default template arguments are only allowed on a class template
C4520	3	Compiler Warning	'class' : multiple default constructors specified
C4521	3	Compiler Warning	'class' : multiple copy constructors specified
C4522	3	Compiler Warning	'class' : multiple assignment operators specified
C4523	3	Compiler Warning	'class' : multiple destructors specified
C4524	3	Compiler Warning	'class' : redundant use of 'friend' on destructor
C4525	3	Compiler Warning	'class' : redundant use of 'friend' on constructor
C4526	1	Compiler Warning	'function' : static member function cannot override virtual function 'virtual function'override ignored, virtual function will be hidden
C4527	3	Compiler Warning	Instances of type 'class' can never be destroyed - user-defined destructor required
C4530	1	Compiler Warning	C++ exception handler used, but unwind semantics are not enabled. Specify /EHsc
C4531	1	Compiler Warning	C++ exception handling not available on Windows CE. Use Structured Exception Handling
C4532	1	Compiler Warning	'continue' : jump out of __finally/finally block has undefined behavior during termination handling
C4533	1	Compiler Warning	Initialization of 'variable' is skipped by 'instruction'
C4534	3	Compiler Warning	'constructor' will not be a default constructor for class 'class' due to the default argument
C4535	3	Compiler Warning	Calling _set_se_translator() requires /EHa
C4536	4	Compiler Warning	'type name' : type-name exceeds meta-data limit of 'limit' characters
C4537	1	Compiler Warning	'object' : 'operator' applied to non-UDT type
C4538	3	Compiler Warning	'type' : const/volatile qualifiers on this type are not supported
C4539	1	Compiler Warning	'char': a universal-character-name specifies an invalid character
C4540	1	Compiler Warning	Dynamic_cast used to convert to inaccessible or ambiguous base; run-time test will fail ('type1' to 'type2')
C4541	1	Compiler Warning	'identifier' used on polymorphic type 'type' with /GR-; unpredictable behavior may result
C4542	1	Compiler Warning	Skipping generation of merged injected text file, cannot write filetype file: 'issue': message
C4543	3	Compiler Warning	Injected text suppressed by attribute 'no_injected_text'
C4544	1	Compiler Warning	Default arguments on template declaration ignored
C4545	1	Compiler Warning	Expression before comma evaluates to a function which is missing an argument list
C4546	1	Compiler Warning	Function call before comma missing argument list
C4547	1	Compiler Warning	'operator' : operator before comma has no effect; expected operator with side-effect
C4548	1	Compiler Warning	Expression before comma has no effect; expected expression with side-effect
C4549	1	Compiler Warning	'operator' : operator before comma has no effect; did you intend 'operator'?
C4550	1	Compiler Warning	Expression evaluates to a function which is missing an argument list
C4551	1	Compiler Warning	Function call missing argument list
C4552	1	Compiler Warning	'operator' : operator has no effect; expected operator with side-effect
C4553	1	Compiler Warning	'operator' : operator has no effect; did you intend 'operator'?
C4554	3	Compiler Warning	'operator' : check operator precedence for possible error; use parentheses to clarify precedence
C4555	1	Compiler Warning	Expression has no effect; expected expression with side-effect
C4556	1	Compiler Warning	Value of intrinsic immediate argument 'value' is out of range 'lowerbound - upperbound'
C4557	3	Compiler Warning	'__assume' contains effect 'effect'
C4558	1	Compiler Warning	Value of operand 'value' is out of range 'lowerbound - upperbound'
C4559	4	Compiler Warning	'function' : redefinition; the function gains __declspec(modifier)
C4561	1	Compiler Warning	'__fastcall' incompatible with the '/clr' option: converting to '__stdcall'
C4562	4	Compiler Warning	fully prototyped functions are required with the '/clr' option: converting '()' to '(void)'
C4564	4	Compiler Warning	Method 'method' of class 'class' defines unsupported default parameter 'parameter'
C4565	4	Compiler Warning	'function' : redefinition; the symbol was previously declared with __declspec(modifier)
C4566	1	Compiler Warning	Character represented by universal-character-name 'char' cannot be represented in the current code page (page)
C4568	1	Compiler Warning	'function': no members match the signature of the explicit override
C4569	3	Compiler Warning	'function': no members match the signature of the explicit override
C4570	3	Compiler Warning	'type' : is not explicitly declared as abstract but has abstract functions
C4571	4	Compiler Warning	Informational: catch(...) semantics changed since Visual C++ 7.1; structured exceptions (SEH) are no longer caught
C4572	1	Compiler Warning	[ParamArray] attribute is deprecated under /clr, use '...' instead
C4573	1	Compiler Warning	the usage of 'lambda function' requires the compiler to capture 'this' but the current default capture mode does not allow it
C4574	4	Compiler Warning	'Identifier' is defined to be '0': did you mean to use '#if identifier'?
C4575	1	Compiler Warning	'__vectorcall' incompatible with the '/clr' option: converting to '__stdcall'
C4576	1	Compiler Warning	a parenthesized type followed by an initializer list is a non-standard explicit type conversion syntax
C4577	1	Compiler Warning	'noexcept' used with no exception handling mode specified; termination on exception is not guaranteed.
C4578	1	Compiler Warning	'abs': conversion from 'type1' to 'type2', possible loss of data (Did you mean to call 'function' or to #include ?)
C4580	3	Compiler Warning	[attribute] is deprecated; instead specify System::Attribute as a base class
C4581	1	Compiler Warning	Deprecated behavior: '"string1"' replaced with 'string2' to process attribute
C4582	4	Compiler Warning	'type': constructor is not implicitly called
C4583	4	Compiler Warning	'type': destructor is not implicitly called
C4584	1	Compiler Warning	'class1' : base-class 'class2' is already a base-class of 'class3'
C4585	1	Compiler Warning	'class': A WinRT 'public ref class' must either be sealed or derive from an existing unsealed class
C4586	1	Compiler Warning	'type': A public type cannot be declared in a top-level namespace called 'Windows'
C4587	1	Compiler Warning	'anonymous_structure': behavior change: constructor is no longer implicitly called
C4588	1	Compiler Warning	'anonymous_structure': behavior change: destructor is no longer implicitly called
C4589	1	Compiler Warning	Constructor of abstract class 'type' ignores initializer for virtual base class 'type'
C4591	1	Compiler Warning	'constexpr' call-depth limit of number exceeded (/constexpr:depth<NUMBER>)
C4592	3	Compiler Warning	'function': 'constexpr' call evaluation failed; function will be called at run-time
C4593	1	Compiler Warning	'function': 'constexpr' call evaluation step limit of 'limit' exceeded; use /constexpr:steps<NUMBER> to increase the limit
C4594	3	Compiler Warning	'type': destructor will not be implicitly called if an exception is thrown
C4595	1	Compiler Warning	'type': behavior change: destructor will no longer be implicitly called if an exception is thrown
C4596	4	Compiler Warning	'identifier': illegal qualified name in member declaration
C4597	1	Compiler Warning	undefined behavior: description
C4598	1	Compiler Warning	'#include "header"': header number number in the precompiled header does not match current compilation at that position
C4599	3	Compiler Warning	'flag path': command line argument number number does not match precompiled header
C4600	1	Compiler Warning	#pragma 'macro name' : expected a valid non-empty string
C4602	1	Compiler Warning	#pragma pop_macro : 'macro name' no previous #pragma push_macro for this identifier
C4603	1	Compiler Warning	'<identifier>' : macro is not defined or definition is different after precompiled header use
C4604	1	Compiler Warning	'type': passing argument by value across native and managed boundary requires valid copy constructor. Otherwise the runtime behavior is undefined
C4605	1	Compiler Warning	'/Dmacro' specified on current command line, but was not specified when precompiled header was built
C4606	1	Compiler Warning	#pragma warning : 'warning_number' ignored; Code Analysis warnings are not associated with warning levels
C4608	3	Compiler Warning	'union_member' has already been initialized by another union member in the initializer list, 'union_member'
C4609	3	Compiler Warning	'type1' derives from default interface 'interface' on type 'type2'. Use a different default interface for 'type1', or break the base/derived relationship.
C4610	4	Compiler Warning	Object 'class' can never be instantiated - user-defined constructor required
C4611	4	Compiler Warning	Interaction between 'function' and C++ object destruction is non-portable
C4612	1	Compiler Warning	Error in include filename
C4613	1	Compiler Warning	'segment' : class of segment cannot be changed
C4614	1	Compiler Warning	'type' : varargs parameters with this type were promoted
C4615	1	Compiler Warning	#pragma warning : unknown user warning type
C4616	1	Compiler Warning	#pragma warning : warning number 'number' not a valid compiler warning
C4617	1	Compiler Warning	#pragma warning : invalid warning number
C4618	1	Compiler Warning	Pragma parameters included an empty string; pragma ignored
C4619	3	Compiler Warning	#pragma warning : there is no warning number 'number'
C4620	1	Compiler Warning	No postfix form of 'operator ++' found for type 'type', using prefix form
C4621	1	Compiler Warning	No postfix form of 'operator --' found for type 'type', using prefix form
C4622	3	Compiler Warning	Overwriting debug information formed during creation of the precompiled header in object file: 'file'
C4623	4	Compiler Warning	'derived class' : default constructor could not be generated because a base class default constructor is inaccessible
C4624	1	Compiler Warning	'derived class' : destructor could not be generated because a base class destructor is inaccessible
C4625	4	Compiler Warning	'derived class' : copy constructor could not be generated because a base class copy constructor is inaccessible
C4626	4	Compiler Warning	'derived class' : assignment operator could not be generated because a base class assignment operator is inaccessible
C4627	1	Compiler Warning	'<identifier>': skipped when looking for precompiled header use
C4628	1	Compiler Warning	Digraphs not supported with -Ze. Character sequence 'digraph' not interpreted as alternate token for 'char'
C4629	4	Compiler Warning	Digraph used, character sequence 'digraph' interpreted as token 'char' (insert a space between the two characters if this is not what you intended)
C4630	1	Compiler Warning	'symbol' : 'extern' storage class specifier illegal on member definition
C4631	1	Compiler Warning	MSXML or XPath unavailable, XML document comments will not be processed. reason
C4632	1	Compiler Warning	XML document comment: file - access denied: reason
C4633	3	Compiler Warning	XML document comment target: error: reason
C4634	4	Compiler Warning	XML document comment: cannot be applied: reason
C4635	3	Compiler Warning	XML document comment target: badly-formed XML: reason
C4636	3	Compiler Warning	XML document comment applied to 'construct': tag requires non-empty '' attribute.
C4637	3	Compiler Warning	XML document comment target: <include> tag discarded. reason
C4638	3	Compiler Warning	XML document comment target: reference to unknown symbol 'symbol'
C4639	4	Compiler Warning	MSXML error, XML document comments will not be processed. reason
C4640	3	Compiler Warning	'instance' : construction of local static object is not thread-safe
C4641	3	Compiler Warning	XML document comment has an ambiguous cross reference
C4642	2	Compiler Warning	'issue': could not import the constraints for generic parameter 'parameter'
C4643	2	Compiler Warning	Forward declaring 'identifier' in namespace std is not permitted by the C++ Standard.
C4644	3	Compiler Warning	usage of the macro-based offsetof pattern in constant expressions is non-standard; use offsetof defined in the C++ standard library instead
C4645	3	Compiler Warning	Function declared with __declspec(noreturn) has a return statement
C4646	3	Compiler Warning	Function declared with __declspec(noreturn) has non-void return type
C4647	3	Compiler Warning	behavior change: __is_pod(type) has different value in previous versions
C4648	3	Compiler Warning	standard attribute 'carries_dependency' is ignored
C4649	3	Compiler Warning	attributes are ignored in this context
C4650	1	Compiler Warning	Debugging information not in precompiled header; only global symbols from the header will be available
C4651	1	Compiler Warning	'definition' specified for precompiled header but not for current compile
C4652	1	Compiler Warning	Compiler option 'option' inconsistent with precompiled header; current command-line option will override that defined in the precompiled header
C4653	2	Compiler Warning	Compiler option 'option' inconsistent with precompiled header; current command-line option ignored
C4654	4	Compiler Warning	Code placed before include of precompiled header line will be ignored. Add code to precompiled header.
C4655	1	Compiler Warning	'symbol' : variable type is new since the last build, or is defined differently elsewhere
C4656	1	Compiler Warning	'symbol' : data type is new or has changed since the last build, or is defined differently elsewhere
C4657	1	Compiler Warning	Expression involves a data type that is new since the last build
C4658	1	Compiler Warning	'function' : function prototype is new since the last build, or is declared differently elsewhere
C4659	1	Compiler Warning	#pragma 'pragma' : use of reserved segment 'segment' has undefined behavior, use #pragma comment(linker, ...)
C4660	2	Compiler Warning	Template-class specialization 'identifier' is already instantiated
C4661	1	Compiler Warning	'identifier' : no suitable definition provided for explicit template instantiation request
C4662	1	Compiler Warning	Explicit instantiation; template-class 'identifier1' has no definition from which to specialize 'identifier2'
C4663	4	Compiler Warning	C++ language change: to explicitly specialize class template 'identifier' use the following syntax:
C4665	4	Compiler Warning	C++ language change: assuming 'declaration' is an explicit specialization of a function template
C4666	1	Compiler Warning	'declaration' : function differs from 'declaration' only by calling convention
C4667	1	Compiler Warning	'function' : no function template defined that matches forced instantiation
C4668	4	Compiler Warning	'symbol' is not defined as a preprocessor macro, replacing with '0' for 'directives'
C4669	1	Compiler Warning	'cast' : unsafe conversion: 'class' is a managed type object
C4670	4	Compiler Warning	'identifier' : this base class is inaccessible
C4671	4	Compiler Warning	'identifier' : the copy constructor is inaccessible
C4672	4	Compiler Warning	'identifier1' : ambiguous. First seen as 'identifier2'
C4673	4	Compiler Warning	Throwing 'identifier' the following types will not be considered at the catch site
C4674	1	Compiler Warning	'method' should be declared 'static' and have exactly one parameter
C4676	4	Compiler Warning	'%s': the destructor is inaccessible
C4677	1	Compiler Warning	'function': signature of non-private member contains assembly private type 'private_type'
C4678	1	Compiler Warning	Base class 'base_type' is less accessible than 'derived_type'
C4679	1	Compiler Warning	The compiler encountered a construct that it cannot support, that cannot be imported from metadata.
C4680	4	Compiler Warning	'class' : coclass does not specify a default interface
C4681	4	Compiler Warning	'class' : coclass does not specify a default interface that is an event source
C4682	4	Compiler Warning	'parameter' : no directional parameter attribute specified, defaulting to [in]
C4683	1	Compiler Warning	'function': event source has an 'out'-parameter; exercise caution when hooking multiple event handlers
C4684	1	Compiler Warning	'attribute' : WARNING!! attribute may cause invalid code generation: use with caution
C4685	1	Compiler Warning	Expecting '> >' found '>>' when parsing template parameters
C4686	3	Compiler Warning	'user-defined type' : possible change in behavior, change in UDT return calling convention
C4687	4	Compiler Warning	'class': a sealed abstract class cannot implement an interface 'interface'
C4688	1	Compiler Warning	'constraint': constraint list contains assembly private type 'type'
C4689	1	Compiler Warning	'%c': unsupported character in #pragma detect_mismatch; #pragma ignored
C4690	4	Compiler Warning	[ emitidl( pop ) ] : more pops than pushes
C4691	1	Compiler Warning	'type' : type referenced was expected in unreferenced assembly 'file', type defined in current translation unit used instead
C4692	1	Compiler Warning	'function': signature of non-private member contains assembly private native type 'native_type'
C4693	4	Compiler Warning	'class': a sealed abstract class cannot have any instance members 'Test'
C4694	4	Compiler Warning	'class_1': a sealed abstract class cannot have a base-class 'base_class'
C4695	1	Compiler Warning	#pragma execution_character_set: 'character set' is not a supported argument: currently only 'UTF-8' is supported
C4696	1	Compiler Warning	/ZBvalue1 option out of range; assuming 'value2'
C4698	3	Compiler Warning	'feature' is for evaluation purposes only and is subject to change or removal in future updates.
C4699	4	Compiler Warning	Note: pre-compiled header usage information message
C4700	1	Compiler Warning	Uninitialized local variable 'name' used
C4701	4	Compiler Warning	Potentially uninitialized local variable 'name' used
C4702	4	Compiler Warning	Unreachable code
C4703	4	Compiler Warning	Potentially uninitialized local pointer variable 'name' used
C4705	4	Compiler Warning	Statement has no effect
C4706	4	Compiler Warning	Assignment within conditional expression
C4709	4	Compiler Warning	Comma operator within array index expression
C4710	4	Compiler Warning	'function' : function not inlined
C4711	1	Compiler Warning	Function 'function' selected for inline expansion
C4712	2	Compiler Warning	'symbol' : used as register - loss of debugging information
C4713	1	Compiler Warning	Internal compiler error: restartable
C4714	4	Compiler Warning	Function 'function' marked as __forceinline not inlined
C4715	1	Compiler Warning	'function' : not all control paths return a value
C4716	1	Compiler Warning	'function' must return a value
C4717	1	Compiler Warning	'function' : recursive on all control paths, function will cause runtime stack overflow
C4718	4	Compiler Warning	'function call' : recursive call has no side effects, deleting
C4719	1	Compiler Warning	Double constant found when Qfast specified - use 'f' as a suffix to indicate single precision
C4720	2	Compiler Warning	'initializing' : do not initialize a non-const 'type1' with a non-lvalue 'type2' function return
C4721	1	Compiler Warning	'function': not available as an intrinsic
C4722	1	Compiler Warning	'function' : destructor never returns, potential memory leak
C4723	3	Compiler Warning	Potential divide by 0
C4724	3	Compiler Warning	Potential mod by 0
C4725	4	Compiler Warning	Instruction may be inaccurate on some Pentiums
C4726	1	Compiler Warning	'option' : unknown memory-model command-line option
C4727	1	Compiler Warning	"PCH named pch_file with same timestamp found in obj_file_1 and obj_file_2. Using first PCH.
C4728	1	Compiler Warning	Attempt to take address of function identifier produces address of jump table entry
C4729	1	Compiler Warning	Function too big for flow graph based warnings
C4730	1	Compiler Warning	'main' : mixing _m64 and floating point expressions may result in incorrect code
C4731	1	Compiler Warning	'pointer' : frame pointer register 'register' modified by inline assembly code
C4732	1	Compiler Warning	intrinsic '%s' is not supported in this architecture
C4733	1	Compiler Warning	Inline asm assigning to 'FS:0' : handler not registered as safe handler
C4734	1	Compiler Warning	More than 64k line numbers in a COFF debug info section; stop emitting COFF debug line numbers for module 'module'
C4738	3	Compiler Warning	Storing 32-bit float result in memory, possible loss of performance
C4739	1	Compiler Warning	Reference to variable 'var' exceeds its storage space
C4740	4	Compiler Warning	Flow in or out of inline asm code suppresses global optimization
C4741	1	Compiler Warning	/Oq option ignored for __fastcall function 'function'
C4742	1	Compiler Warning	'var' has different alignment in 'file1' and 'file2': number and number
C4743	1	Compiler Warning	'type' has different size in 'file1' and 'file2': number and number bytes
C4744	1	Compiler Warning	'var' has different type in 'file1' and 'file2': 'type1' and 'type2'
C4746	4	Compiler Warning	volatile access of 'expression' is subject to /volatile:<iso|ms> setting; consider using __iso_volatile_load/store intrinsic functions
C4747	1	Compiler Warning	Calling managed 'entrypoint': Managed code may not be run under loader lock, including the DLL entrypoint and calls reached from the DLL entrypoint
C4748	3	Compiler Warning	/GS can not protect parameters and local variables from local buffer overrun because optimizations are disabled in function
C4749	3	Compiler Warning	conditionally supported: description
C4750	1	Compiler Warning	'identifier': function with _alloca() inlined into a loop
C4751	4	Compiler Warning	/arch:AVX does not apply to Intel(R) Streaming SIMD Extensions that are within inline ASM
C4752	4	Compiler Warning	found Intel(R) Advanced Vector Extensions; consider using /arch:AVX
C4754	4	Compiler Warning	Conversion rules for arithmetic operations in the comparison at %s(%d) mean that one branch cannot be executed. Cast '%s' to '%s' (or similar type of %d bytes).
C4755	3	Compiler Warning	Conversion rules for arithmetic operations in the comparison at %s(%d) mean that one branch cannot be executed in an inlined function. Cast '%s' to '%s' (or similar type of %d bytes).
C4756	2	Compiler Warning	Overflow in constant arithmetic
C4757	4	Compiler Warning	subscript is a large unsigned value, did you intend a negative constant?
C4761	1	Compiler Warning	Integral size mismatch in argument : conversion supplied
C4763	2	Compiler Warning	'function' : function too large for postoptimizer
C4764	4	Compiler Warning	Cannot align catch objects to greater than 16 bytes
C4765	2	Compiler Warning	Recoverable heap overflow in postoptimizer
C4766	2	Compiler Warning	Local symbol-table overflow
C4767	4	Compiler Warning	section name '%s' is longer than 8 characters and will be truncated by the linker
C4768	4	Compiler Warning	__declspec attributes before linkage specification are ignored
C4770	4	Compiler Warning	partially validated enum 'name' used as index
C4771	3	Compiler Warning	Bounds must be created using a simple pointer; MPX intrinsic function ignored
C4772	1	Compiler Warning	#import referenced a type from a missing type library; 'missing_type' used as a placeholder
C4773	1	Compiler Warning	Scoping too deep; deepest scoping merged when debugging
C4774	4	Compiler Warning	'string' : format string expected in argument number is not a string literal
C4775	3	Compiler Warning	nonstandard extension used in format string 'string' of function 'function'
C4776	1	Compiler Warning	'%character' is not allowed in the format string of function 'function'
C4777	4	Compiler Warning	'function' : format string 'string' requires an argument of type 'type1', but variadic argument number has type 'type2'
C4778	3	Compiler Warning	'function' : unterminated format string 'string'
C4784	1	Compiler Warning	Cannot initialize code-based pointer to 'identifier' in small model - generating large model
C4786	1	Compiler Warning	'identifier' : identifier was truncated to 'number' characters in the debug information
C4788	1	Compiler Warning	'identifier' : identifier was truncated to 'number' characters
C4789	1	Compiler Warning	Destination of memory copy is too small
C4790	2	Compiler Warning	Insufficient memory to process debugging information
C4791	2	Compiler Warning	Loss of debugging information caused by optimization
C4792	3	Compiler Warning	Function 'function' declared using sysimport and referenced from native code; import library required to link
C4793	1	Compiler Warning	'function' : function is compiled as native code: 'reason'
C4794	1	Compiler Warning	Segment of thread local storage variable 'variable' changed from 'section name' to '.tls$'
C4798	1	Compiler Warning	Native code generated for p-code function 'function' with exception handler or unwind semantics
C4799	1	Compiler Warning	No EMMS at end of function 'function'
C4800	3	Compiler Warning	'type' : forcing value to bool 'true' or 'false' (performance warning)
C4801	4	Compiler Warning	Return by reference is not verifiable: reason
C4803	1	Compiler Warning	'method' : the raise method has a different storage class from that of the event, 'event'
C4804	1	Compiler Warning	'operation' : unsafe use of type 'bool' in operation
C4805	1	Compiler Warning	'operation' : unsafe mix of type 'type' and type 'type' in operation
C4806	1	Compiler Warning	'operation' : unsafe operation: no value of type 'type' promoted to type 'type' can equal the given constant
C4807	1	Compiler Warning	'operation' : unsafe mix of type 'type' and signed bitfield of type 'type'
C4808	1	Compiler Warning	Case 'value' is not a valid value for switch condition of type 'bool'
C4809	1	Compiler Warning	Switch statement has redundant 'default' label; all possible 'case' labels are given
C4810	1	Compiler Warning	Value of pragma pack(show) == n
C4811	1	Compiler Warning	Value of pragma conform(forScope, show) == value
C4812	1	Compiler Warning	Obsolete declaration style: please use 'new_syntax' instead
C4813	1	Compiler Warning	'function' : a friend function of a local class must have been previously declared
C4815	4	Compiler Warning	'var' : zero-sized array in stack object will have no elements (unless the object is an aggregate that has been aggregate initialized)
C4816	4	Compiler Warning	'param' : parameter has a zero-sized array which will be truncated (unless the object is passed by reference)
C4817	1	Compiler Warning	'member' : illegal use of '.' to access this member; compiler replaced with '->'
C4819	1	Compiler Warning	The file contains a character that cannot be represented in the current code page (number). Save the file in Unicode format to prevent data loss.
C4820	4	Compiler Warning	'bytes' bytes padding added after construct 'member_name'
C4821	1	Compiler Warning	Unable to determine Unicode encoding type, please save the file with signature (BOM)
C4822	1	Compiler Warning	'member' : local class member function does not have a body
C4823	3	Compiler Warning	'function' : uses pinning pointers but unwind semantics are not enabled. Consider using /EHa
C4826	2	Compiler Warning	Conversion from 'type1 ' to 'type_2' is sign-extended. This may cause unexpected runtime behavior.
C4827	3	Compiler Warning	A public 'ToString' method with 0 parameters should be marked as virtual and override
C4829	1	Compiler Warning	Possibly incorrect parameters to function main. Consider 'int main(array<System::String^>^ argv)'
C4832	1	Compiler Warning	Token 'token' is illegal after UDT 'type name'
C4834	3	Compiler Warning	discarding return value of function with 'nodiscard' attribute
C4835	1	Compiler Warning	'variable' : the initializer for exported data will not be run until managed code is first executed in the host assembly
C4836	1	Compiler Warning	Nonstandard extension used : 'type' : local types or unnamed types cannot be used as template arguments
C4837	4	Compiler Warning	Trigraph detected: '??%c' replaced by '%c'
C4838	1	Compiler Warning	conversion from 'type_1' to 'type_2' requires a narrowing conversion
C4839	2	Compiler Warning	non-standard use of class 'class' as an argument to a variadic function
C4840	2	Compiler Warning	non-portable use of class 'class' as an argument to a variadic function
C4841	2	Compiler Warning	non-standard extension used: extension
C4842	2	Compiler Warning	the result of 'offsetof' applied to a type using multiple inheritance is not guaranteed to be consistent between compiler releases
C4843	1	Compiler Warning	'type1': An exception handler of reference to array or function type is unreachable, use 'type2' instead
C4844	4	Compiler Warning	'export module module_name;' is now the preferred syntax for declaring a module interface
C4845	4	Compiler Warning	'__declspec(no_init_all)' is ignored if '/d1initall[0|1|2|3]' was not specified on the command line
C4846	2	Compiler Warning	'value' is not a valid argument for '/d1initall': command-line flag ignored
C4847	4	Compiler Warning	'__declspec(no_init_all)' can only be applied to a function, a class type, or a local variable: ignored
C4848	4	Compiler Warning	support for standard attribute 'no_unique_address' in C++17 and earlier is a vendor extension
C4866	2	Compiler Warning	compiler may not enforce left-to-right evaluation order for call to 'function'
C4867	4	Compiler Warning	'function': function call missing argument list; use 'call' to create a pointer to member
C4868	4	Compiler Warning	'file(line_number)' compiler may not enforce left-to-right evaluation order in braced initialization list
C4869	3	Compiler Warning	'nodiscard' may only be applied to classes, enumerations, and functions with non-void return type
C4872	2	Compiler Warning	floating point division by zero detected when compiling the call graph for the concurrency::parallel_for_each at: 'location'
C4880	1	Compiler Warning	casting from 'const type_1' to 'type_2': casting away constness from a pointer or reference may result in undefined behavior in an amp restricted function
C4881	4	Compiler Warning	the constructor and/or the destructor will not be invoked for tile_static variable 'variable'
C4882	1	Compiler Warning	passing functors with non-const call operators to concurrency::parallel_for_each is deprecated
C4900	1	Compiler Warning	Intermediate language mismatch between 'tool1' version 'version1' and 'tool2' version 'version2'
C4901	1	Compiler Warning	'register' : too many formal parameters specified
C4902	1	Compiler Warning	'register' : register already used once in this list
C4903	1	Compiler Warning	'register' : is not a valid register in this context
C4904	1	Compiler Warning	'function' : function previously seen with a different register list
C4905	1	Compiler Warning	Wide string literal cast to 'LPSTR'
C4906	1	Compiler Warning	String literal cast to 'LPWSTR'
C4910	1	Compiler Warning	'<identifier>' : '__declspec(dllexport)' and 'extern' are incompatible on an explicit instantiation
C4912	1	Compiler Warning	'attribute': attribute has undefined behavior on a nested UDT
C4913	4	Compiler Warning	User defined binary operator ',' exists but no overload could convert all operands, default built-in binary operator ',' used
C4916	1	Compiler Warning	in order to have a dispid, 'description': must be introduced by an interface
C4917	1	Compiler Warning	'declarator' : a GUID can only be associated with a class, interface or namespace
C4918	4	Compiler Warning	'character' : invalid character in pragma optimization list
C4920	1	Compiler Warning	Enum enum member member=value already seen in enum enum as member=value
C4921	3	Compiler Warning	'description': attribute value 'attribute' should not be multiply specified
C4925	1	Compiler Warning	'method': dispinterface method cannot be called from script
C4926	1	Compiler Warning	'identifier': symbol is already defined: attributes ignored
C4927	1	Compiler Warning	Illegal conversion; more than one user-defined conversion has been implicitly applied
C4928	1	Compiler Warning	Illegal copy-initialization; more than one user-defined conversion has been implicitly applied
C4929	1	Compiler Warning	'file': typelibrary contains a union; ignoring the 'embedded_idl' qualifier
C4930	1	Compiler Warning	'prototype': prototyped function not called (was a variable definition intended?)
C4931	4	Compiler Warning	We are assuming the type library was built for number-bit pointers
C4932	4	Compiler Warning	__identifier(identifier) and __identifier(identifier) are indistinguishable
C4934	1	Compiler Warning	'__delegate(multicast)' is deprecated, use '__delegate' instead
C4935	1	Compiler Warning	Assembly access specifier modified from 'access'
C4936	4	Compiler Warning	This __declspec is supported only when compiled with /clr or /clr:pure
C4937	4	Compiler Warning	'text1' and 'text2' are indistinguishable as arguments to 'directive'
C4938	4	Compiler Warning	'var' : Floating point reduction variable may cause inconsistent results under /fp:strict or #pragma fenv_access
C4939	1	Compiler Warning	#pragma vtordisp is deprecated and will be removed in a future release of Visual C++
C4944	1	Compiler Warning	'symbol' : cannot import symbol from 'assembly1': as 'symbol' already exists in the current scope
C4945	1	Compiler Warning	'symbol' : cannot import symbol from 'assembly2': as 'symbol' has already been imported from another assembly 'assembly1'
C4946	1	Compiler Warning	Reinterpret_cast used between related classes: 'class1' and 'class2'
C4947	1	Compiler Warning	'type_or_member' : marked as obsolete
C4948	2	Compiler Warning	Return type of 'accessor' does not match the last parameter type of the corresponding setter
C4949	1	Compiler Warning	Pragmas 'managed' and 'unmanaged' are meaningful only when compiled with '/clr[:option]'
C4950	4	Compiler Warning	'type_or_member' : marked as obsolete
C4951	1	Compiler Warning	'function' has been edited since profile data was collected, function profile data not used
C4952	1	Compiler Warning	'function' : no profile data found in program database 'pgd_file'
C4953	1	Compiler Warning	Inlinee 'function' has been edited since profile data was collected, profile data not used
C4954	5	Compiler Warning	'function': not profiled (contains __int64 switch expression)
C4955	1	Compiler Warning	'import2' : import ignored; already imported from 'import1'
C4956	4	Compiler Warning	'type' : this type is not verifiable
C4957	4	Compiler Warning	'cast' : explicit cast from 'cast_from' to 'cast_to' is not verifiable
C4958	4	Compiler Warning	'operation' : pointer arithmetic is not verifiable
C4959	4	Compiler Warning	Cannot define unmanaged struct 'type' in /clr:safe because accessing its members yields unverifiable code
C4960	4	Compiler Warning	'function' is too big to be profiled
C4961	4	Compiler Warning	No profile data was merged into '.pgd file', profile-guided optimizations disabled
C4962	4	Compiler Warning	'function' : Profile-guided optimizations disabled because optimizations caused profile data to become inconsistent"
C4963	1	Compiler Warning	'description': no profile data found; different compiler options were used in instrumented build
C4964	1	Compiler Warning	No optimization options were specified; profile info will not be collected
C4965	1	Compiler Warning	Implicit box of integer 0; use nullptr or explicit cast
C4966	1	Compiler Warning	'function' has __code_seg annotation with unsupported segment name, annotation ignored
C4970	2	Compiler Warning	delegate constructor: target object ignored since 'type' is static
C4971	1	Compiler Warning	Argument order: <target object>, <target function> for delegate constructor is deprecated, use <target function>, <target object="">
C4972	4	Compiler Warning	Directly modifying or treating the result of an unbox operation as an lvalue is unverifiable
C4973	1	Compiler Warning	'symbol': marked as deprecated
C4974	1	Compiler Warning	'symbol': marked as deprecated
C4980	3	Compiler Warning	'keyword' : use of this keyword requires /clr:oldSyntax command line option
C4981	3	Compiler Warning	Warbird: function 'function' marked as __forceinline not inlined because it contains exception semantics
C4985	4	Compiler Warning	'symbol name': attributes not present on previous declaration.
C4986	3	Compiler Warning	'declaration': exception specification does not match previous declaration
C4987	4	Compiler Warning	nonstandard extension used: 'throw (...)'
C4988	4	Compiler Warning	'variable': variable declared outside class/function scope
C4989	4	Compiler Warning	'type': type has conflicting definitions.
C4990	3	Compiler Warning	Warbird: message
C4991	3	Compiler Warning	Warbird: function 'function' marked as __forceinline not inlined because protection level of inlinee is greater than the parent
C4992	3	Compiler Warning	Warbird: function 'function' marked as __forceinline not inlined because it contains inline assembly which cannot be protected
C4995	3	Compiler Warning	'function': name was marked as #pragma deprecated
C4996	3	Compiler Warning	'function': was declared deprecated
C4997	1	Compiler Warning	'class': coclass does not implement a COM interface or pseudo-interface
C4998	1	Compiler Warning	EXPECTATION FAILED: expectation(value)
C4999	1	Compiler Warning	UNKNOWN WARNING From the Help menu choose the Technical Support command or open the Technical Support help file for more information
C5022	2	Compiler Warning	'type': multiple move constructors specified
C5023	2	Compiler Warning	'type': multiple move assignment operators specified
C5024	4	Compiler Warning	'type': move constructor was implicitly defined as deleted
C5025	4	Compiler Warning	'type': move assignment operator was implicitly defined as deleted
C5026	1	Compiler Warning	'type': move constructor was implicitly defined as deleted
C5027	1	Compiler Warning	'type': move assignment operator was implicitly defined as deleted
C5028	1	Compiler Warning	'name': Alignment specified in prior declaration (number) not specified in definition
C5029	4	Compiler Warning	nonstandard extension used: alignment attributes in C++ apply to variables, data members and tag types only
C5030	3	Compiler Warning	attribute 'attribute' is not recognized
C5031	4	Compiler Warning	#pragma warning(pop): likely mismatch, popping warning state pushed in different file
C5032	4	Compiler Warning	detected #pragma warning(push) with no corresponding #pragma warning(pop)
C5033	1	Compiler Warning	'storage-class' is no longer a supported storage class
C5034	4	Compiler Warning	use of intrinsic 'intrinsic' causes function function to be compiled as guest code
C5035	4	Compiler Warning	use of feature 'feature' causes function function to be compiled as guest code
C5036	1	Compiler Warning	varargs function pointer conversion when compiling with /hybrid:x86arm64 'type1' to 'type2'
C5037	2	Compiler Warning	'*member-function*': an out-of-line definition of a member of a class template cannot have default arguments
C5038	2	Compiler Warning	data member 'member1' will be initialized after data member 'member2'
C5039	1	Compiler Warning	'function': pointer or reference to potentially throwing function passed to extern C function under -EHc. Undefined behavior may occur if this function throws an exception.
C5040	2	Compiler Warning	dynamic exception specifications are valid only in C++14 and earlier; treating as noexcept(false)
C5041	3	Compiler Warning	'definition': out-of-line definition for constexpr static data member is not needed and is deprecated in C++17
C5042	2	Compiler Warning	'declaration': function declarations at block scope cannot be specified 'inline' in standard C++; remove 'inline' specifier
C5043	2	Compiler Warning	'specification': exception specification does not match previous declaration
C5044	2	Compiler Warning	An argument to command-line option option points to a path 'path' that does not exist
C5045	4	Compiler Warning	Compiler will insert Spectre mitigation for memory load if /Qspectre switch specified
C5046	2	Compiler Warning	'function': Symbol involving type with internal linkage not defined
C5047	3	Compiler Warning	use of nonstandard __if_exists with modules is not supported
C5048	2	Compiler Warning	Use of macro 'macroname' may result in non-deterministic output
C5049	4	Compiler Warning	'string': Embedding a full path may result in machine-dependent output
C5050	3	Compiler Warning	Possible incompatible environment while importing module 'module_name': issue
C5100	4	Compiler Warning	__VA_ARGS__ is reserved for use in variadic macros
C5101	1	Compiler Warning	use of preprocessor directive in function-like macro argument list is undefined behavior
C5102	2	Compiler Warning	ignoring invalid command-line macro definition 'value'
C5103	2	Compiler Warning	pasting 'token1' and 'token2' does not result in a valid preprocessing token
C5104	3	Compiler Warning	found 'string1#string2' in macro replacement list, did you mean 'string1""#string2'?
C5105	2	Compiler Warning	macro expansion producing 'defined' has undefined behavior
C5106	1	Compiler Warning	macro redefined with different parameter names
C5107	2	Compiler Warning	missing terminating 'char' character
